-------------------------------------------------------------------------------
Test set: ec.edu.espe.arquitectura.escolastico.EscolasticoApplicationTests
-------------------------------------------------------------------------------
Tests run: 1, Failures: 0, Errors: 1, Skipped: 0, Time elapsed: 8.805 s <<< FAILURE! - in ec.edu.espe.arquitectura.escolastico.EscolasticoApplicationTests
contextLoads  Time elapsed: 0.003 s  <<< ERROR!
java.lang.IllegalStateException: Failed to load ApplicationContext
Caused by: org.springframework.beans.factory.BeanCreationException: Error creating bean with name 'entityManagerFactory' defined in class path resource [org/springframework/boot/autoconfigure/orm/jpa/HibernateJpaConfiguration.class]: Invocation of init method failed; nested exception is org.hibernate.AnnotationException: mappedBy reference an unknown target entity property: ec.edu.espe.arquitectura.escolastico.seguridad.model.UsuarioPerfil.usuario in ec.edu.espe.arquitectura.escolastico.seguridad.model.Usuario.perfiles
Caused by: org.hibernate.AnnotationException: mappedBy reference an unknown target entity property: ec.edu.espe.arquitectura.escolastico.seguridad.model.UsuarioPerfil.usuario in ec.edu.espe.arquitectura.escolastico.seguridad.model.Usuario.perfiles

