-------------------------------------------------------------------------------
Test set: ec.edu.espe.arquitectura.escolastico.EscolasticoApplicationTests
-------------------------------------------------------------------------------
Tests run: 1, Failures: 0, Errors: 1, Skipped: 0, Time elapsed: 12.303 s <<< FAILURE! - in ec.edu.espe.arquitectura.escolastico.EscolasticoApplicationTests
contextLoads  Time elapsed: 0.002 s  <<< ERROR!
java.lang.IllegalStateException: Failed to load ApplicationContext
Caused by: org.springframework.beans.factory.BeanCreationException: Error creating bean with name 'entityManagerFactory' defined in class path resource [org/springframework/boot/autoconfigure/orm/jpa/HibernateJpaConfiguration.class]: Invocation of init method failed; nested exception is org.hibernate.MappingException: Unable to find column with logical name: cod_ubicacion_geo_Integer in org.hibernate.mapping.Table(gen_ubicacion_geografica) and its related supertables and secondary tables
Caused by: org.hibernate.MappingException: Unable to find column with logical name: cod_ubicacion_geo_Integer in org.hibernate.mapping.Table(gen_ubicacion_geografica) and its related supertables and secondary tables

